v8-version,7,5,288,22,-node.16,0
shared-library,/usr/local/bin/node,0x100003000,0x100b497c0,0
shared-library,/usr/local/opt/icu4c/lib/libicui18n.64.dylib,0x101f477e0,0x1020893f9,4327755776
shared-library,/usr/local/opt/icu4c/lib/libicuuc.64.dylib,0x1021be680,0x102279328,4330340352
shared-library,/usr/local/opt/icu4c/lib/libicudata.64.dylib,0x1023405f0,0x1023405f0,4331925504
shared-library,/System/Library/Frameworks/CoreFoundation.framework/Versions/A/CoreFoundation,0x7fff38d2c850,0x7fff38ee553e,220508160
shared-library,/usr/lib/libSystem.B.dylib,0x7fff6d08b6b5,0x7fff6d08bace,220508160
shared-library,/usr/lib/libc++.1.dylib,0x7fff6d3688d0,0x7fff6d3b1580,220508160
shared-library,/usr/lib/system/libcache.dylib,0x7fff7001b798,0x7fff7001e3bc,220508160
shared-library,/usr/lib/system/libcommonCrypto.dylib,0x7fff70020aa0,0x7fff7002a8ec,220508160
shared-library,/usr/lib/system/libcompiler_rt.dylib,0x7fff7002d0d8,0x7fff70031ce4,220508160
shared-library,/usr/lib/system/libcopyfile.dylib,0x7fff70034e10,0x7fff7003c1ac,220508160
shared-library,/usr/lib/system/libcorecrypto.dylib,0x7fff7003ed40,0x7fff700b6c5c,220508160
shared-library,/usr/lib/system/libdispatch.dylib,0x7fff701edd30,0x7fff7021f3e1,220508160
shared-library,/usr/lib/system/libdyld.dylib,0x7fff7022ee10,0x7fff7025bcf0,220508160
shared-library,/usr/lib/system/libkeymgr.dylib,0x7fff70264a50,0x7fff70264e90,220508160
shared-library,/usr/lib/system/liblaunch.dylib,0x7fff70272fc0,0x7fff70272fc0,220508160
shared-library,/usr/lib/system/libmacho.dylib,0x7fff702742bc,0x7fff702788a9,220508160
shared-library,/usr/lib/system/libquarantine.dylib,0x7fff70279fd2,0x7fff7027bbc4,220508160
shared-library,/usr/lib/system/libremovefile.dylib,0x7fff7027c860,0x7fff7027dbe5,220508160
shared-library,/usr/lib/system/libsystem_asl.dylib,0x7fff7027f920,0x7fff702940ae,220508160
shared-library,/usr/lib/system/libsystem_blocks.dylib,0x7fff702968a3,0x7fff70296cfc,220508160
shared-library,/usr/lib/system/libsystem_c.dylib,0x7fff7029858c,0x7fff703171f0,220508160
shared-library,/usr/lib/system/libsystem_configuration.dylib,0x7fff7031fe9c,0x7fff703226b0,220508160
shared-library,/usr/lib/system/libsystem_coreservices.dylib,0x7fff70323eb0,0x7fff703262a9,220508160
shared-library,/usr/lib/system/libsystem_darwin.dylib,0x7fff70328250,0x7fff7032c775,220508160
shared-library,/usr/lib/system/libsystem_dnssd.dylib,0x7fff70330748,0x7fff703352df,220508160
shared-library,/usr/lib/system/libsystem_featureflags.dylib,0x7fff70337cec,0x7fff70338cbc,220508160
shared-library,/usr/lib/system/libsystem_info.dylib,0x7fff70339e10,0x7fff70382812,220508160
shared-library,/usr/lib/system/libsystem_m.dylib,0x7fff703b4fc0,0x7fff703e1361,220508160
shared-library,/usr/lib/system/libsystem_malloc.dylib,0x7fff703fd060,0x7fff7041d1d0,220508160
shared-library,/usr/lib/system/libsystem_networkextension.dylib,0x7fff7042526e,0x7fff7042f474,220508160
shared-library,/usr/lib/system/libsystem_notify.dylib,0x7fff70433630,0x7fff7043adbe,220508160
shared-library,/usr/lib/system/libsystem_sandbox.dylib,0x7fff70452418,0x7fff704553fc,220508160
shared-library,/usr/lib/system/libsystem_secinit.dylib,0x7fff70457088,0x7fff70458384,220508160
shared-library,/usr/lib/system/libsystem_kernel.dylib,0x7fff70387f60,0x7fff703a9adb,220508160
shared-library,/usr/lib/system/libsystem_platform.dylib,0x7fff7043d5a0,0x7fff704435b6,220508160
shared-library,/usr/lib/system/libsystem_pthread.dylib,0x7fff70446d34,0x7fff7044e7fc,220508160
shared-library,/usr/lib/system/libsystem_symptoms.dylib,0x7fff70459d64,0x7fff7045f3fc,220508160
shared-library,/usr/lib/system/libsystem_trace.dylib,0x7fff70462570,0x7fff70474bdc,220508160
shared-library,/usr/lib/system/libunwind.dylib,0x7fff70479a80,0x7fff7047e2a6,220508160
shared-library,/usr/lib/system/libxpc.dylib,0x7fff70480010,0x7fff704a63cb,220508160
shared-library,/usr/lib/libobjc.A.dylib,0x7fff6eecae80,0x7fff6eeedc4b,220508160
shared-library,/usr/lib/libc++abi.dylib,0x7fff6d3bd570,0x7fff6d3cdec2,220508160
shared-library,/usr/lib/libfakelink.dylib,0x7fff6de32570,0x7fff6de33b00,220508160
shared-library,/usr/lib/libDiagnosticMessagesClient.dylib,0x7fff6cbc3301,0x7fff6cbc46b0,220508160
shared-library,/usr/lib/libicucore.A.dylib,0x7fff6df43df0,0x7fff6e1309f6,220508160
shared-library,/usr/lib/libz.1.dylib,0x7fff6f5a35c0,0x7fff6f5aebe5,220508160
shared-library,/System/Library/CoreServices/Encodings/libGreekConverter.dylib,0x7fff2d398d69,0x7fff2d3993d0,220508160
profiler,begin,1000
tick,0x10037ee0a,4081,0,0x0,6
tick,0x100882ec4,10519,0,0x0,6
timer-event-start,V8.Execute,15690
timer-event-end,V8.Execute,15736
timer-event-start,V8.Execute,15755
timer-event-end,V8.Execute,15763
tick,0x1003812c0,16775,0,0x0,6
tick,0x108bef82a,31696,0,0x0,6
tick,0x108bef82a,69631,0,0x0,6
tick,0x108bef82a,76145,0,0x0,6
tick,0x108bb2a3a,76177,0,0x0,6
tick,0x108bef82a,145168,0,0x0,6
tick,0x108bef82a,153712,0,0x0,6
tick,0x108bef82a,172293,0,0x0,6
tick,0x108bef82a,179120,0,0x0,6
tick,0x108bef82a,183619,0,0x0,6
tick,0x108bef82a,185922,0,0x0,6
tick,0x108bef82a,199401,0,0x0,6
tick,0x7fff7022f8f3,202269,0,0x0,6
tick,0x7fff7022f8f3,202545,0,0x0,6
tick,0x7fff7022f8f3,204122,0,0x0,6
tick,0x7fff7022f8f3,205998,0,0x0,6
tick,0x7fff6eee0af8,207842,0,0x0,6
tick,0x7fff6eee0adc,215042,0,0x0,6
tick,0x7fff6eee0af8,218734,0,0x0,6
tick,0x7fff6eee3ee4,235410,0,0x0,6
tick,0x7fff6eee3ee4,235459,0,0x0,6
tick,0x7fff6eee3ee4,235477,0,0x0,6
tick,0x7fff7043d9d3,236441,0,0x0,6
tick,0x7fff7043d9d3,237594,0,0x0,6
tick,0x7fff6eedffbd,239082,0,0x0,6
tick,0x7fff6eedffbd,240190,0,0x0,6
tick,0x7fff6eedffbd,241226,0,0x0,6
tick,0x7fff6eedffbd,242953,0,0x0,6
tick,0x7fff6eedffbd,243522,0,0x0,6
tick,0x7fff6eedffbd,244534,0,0x0,6
tick,0x7fff6eedffbd,245912,0,0x0,6
tick,0x108ba65e3,247250,0,0x0,6
tick,0x7fff6e2cba7f,248518,0,0x0,6
tick,0x7fff3b5b163b,249696,0,0x0,6
tick,0x7fff6eedffbd,250765,0,0x0,6
tick,0x7fff6eedffbd,252069,0,0x0,6
tick,0x7fff6eedffbd,253217,0,0x0,6
tick,0x7fff6eedffbd,254247,0,0x0,6
tick,0x7fff6eedffbd,255532,0,0x0,6
tick,0x7fff6d3bd632,256728,0,0x0,6
tick,0x7fff38d334be,258382,0,0x0,6
tick,0x7fff38d334be,259471,0,0x0,6
tick,0x7fff38d334be,260874,0,0x0,6
tick,0x7fff38d334be,261981,0,0x0,6
tick,0x7fff38d334be,263551,0,0x0,6
tick,0x7fff38d334be,264201,0,0x0,6
tick,0x7fff38d334be,265326,0,0x0,6
tick,0x7fff38d334be,266708,0,0x0,6
tick,0x7fff38d334be,267767,0,0x0,6
tick,0x7fff38d334be,268837,0,0x0,6
tick,0x7fff38d334be,269962,0,0x0,6
tick,0x7fff38d334be,271110,0,0x0,6
tick,0x7fff38d334be,272365,0,0x0,6
tick,0x7fff38d334be,273339,0,0x0,6
tick,0x7fff38d334be,274439,0,0x0,6
tick,0x7fff38d334be,275552,0,0x0,6
tick,0x7fff38d334be,277575,0,0x0,6
tick,0x7fff38d334be,277980,0,0x0,6
tick,0x7fff3ab8ee5a,279904,0,0x0,6
tick,0x7fff3ab8ee5a,280537,0,0x0,6
tick,0x7fff38cfbeb8,283112,0,0x0,6
tick,0x7fff38cfbeb8,283843,0,0x0,6
tick,0x7fff38cfbeb8,285580,0,0x0,6
tick,0x7fff38cfbeb8,285646,0,0x0,6
tick,0x7fff38cfbeb8,286735,0,0x0,6
tick,0x7fff38cfbeb8,287758,0,0x0,6
tick,0x7fff38cfbeb8,310790,0,0x0,6
tick,0x7fff38cfbeb8,318327,0,0x0,6
tick,0x7fff38cfc051,319241,0,0x0,6
tick,0x7fff38cfc051,360321,0,0x0,6
tick,0x7fff38cfc051,366776,0,0x0,6
tick,0x7fff38cfc051,368964,0,0x0,6
tick,0x7fff38cfc051,370774,0,0x0,6
tick,0x7fff7044779f,371481,0,0x0,6
tick,0x7fff70389132,372589,0,0x0,6
tick,0x7fff70389ec6,399612,0,0x0,6
tick,0x7fff70389ec6,420213,0,0x0,6
tick,0x7fff70389ec6,433144,0,0x0,6
tick,0x7fff70389ec6,434296,0,0x0,6
tick,0x7fff38d2e4a0,435012,0,0x0,6
tick,0x7fff70389ec6,435938,0,0x0,6
tick,0x7fff70389ec6,437103,0,0x0,6
tick,0x7fff38d39a69,439335,0,0x0,6
tick,0x108baada1,439680,0,0x0,6
tick,0x7fff70389ec6,446034,0,0x0,6
tick,0x7fff70389e7e,447064,0,0x0,6
tick,0x7fff70389ec6,461081,0,0x0,6
tick,0x7fff7038917a,462570,0,0x0,6
tick,0x7fff70389e96,469318,0,0x0,6
tick,0x1001132b8,470228,0,0x0,6
tick,0x1001132b8,471763,0,0x0,6
tick,0x1001132b8,472696,0,0x0,6
tick,0x1001132b8,473964,0,0x0,6
tick,0x1001132b8,475588,0,0x0,6
tick,0x1001132b8,476477,0,0x0,6
tick,0x1001132b8,477375,0,0x0,6
tick,0x1001132b8,478492,0,0x0,6
tick,0x1001132b8,479690,0,0x0,6
tick,0x1001132b8,481580,0,0x0,6
tick,0x7fff7038b916,482264,0,0x0,6
